<?xml version="1.0" encoding="UTF-8"?>
<testng-results ignored="0" total="2" passed="2" failed="0" skipped="0">
  <reporter-output>
  </reporter-output>
  <suite started-at="2021-05-29T02:48:00 IST" name="Default suite" finished-at="2021-05-29T02:48:35 IST" duration-ms="35268">
    <groups>
    </groups>
    <test started-at="2021-05-29T02:48:00 IST" name="Default test" finished-at="2021-05-29T02:48:35 IST" duration-ms="35268">
      <class name="com.demo.testcases.BookFlight">
        <test-method is-config="true" signature="setUp()[pri:0, instance:com.demo.testcases.BookFlight@4d154ccd]" started-at="2021-05-29T02:48:01 IST" name="setUp" finished-at="2021-05-29T02:48:09 IST" duration-ms="8658" status="PASS">
          <reporter-output>
          </reporter-output>
        </test-method> <!-- setUp -->
        <test-method signature="bookFlight_Success(java.lang.String,java.lang.String,java.lang.String)[pri:0, instance:com.demo.testcases.BookFlight@4d154ccd]" started-at="2021-05-29T02:48:09 IST" name="bookFlight_Success" data-provider="excel-data" finished-at="2021-05-29T02:48:18 IST" duration-ms="8435" status="PASS">
          <params>
            <param index="0">
              <value>
                <![CDATA[Boston]]>
              </value>
            </param>
            <param index="1">
              <value>
                <![CDATA[New York]]>
              </value>
            </param>
            <param index="2">
              <value>
                <![CDATA[Thank you for your purchase today!]]>
              </value>
            </param>
          </params>
          <reporter-output>
          </reporter-output>
        </test-method> <!-- bookFlight_Success -->
        <test-method is-config="true" signature="tearDown()[pri:0, instance:com.demo.testcases.BookFlight@4d154ccd]" started-at="2021-05-29T02:48:18 IST" name="tearDown" finished-at="2021-05-29T02:48:19 IST" duration-ms="1217" status="PASS">
          <reporter-output>
          </reporter-output>
        </test-method> <!-- tearDown -->
        <test-method is-config="true" signature="setUp()[pri:0, instance:com.demo.testcases.BookFlight@4d154ccd]" started-at="2021-05-29T02:48:19 IST" name="setUp" finished-at="2021-05-29T02:48:25 IST" duration-ms="6411" status="PASS">
          <reporter-output>
          </reporter-output>
        </test-method> <!-- setUp -->
        <test-method signature="bookFlight_Success(java.lang.String,java.lang.String,java.lang.String)[pri:0, instance:com.demo.testcases.BookFlight@4d154ccd]" started-at="2021-05-29T02:48:25 IST" name="bookFlight_Success" data-provider="excel-data" finished-at="2021-05-29T02:48:35 IST" duration-ms="9340" status="PASS">
          <params>
            <param index="0">
              <value>
                <![CDATA[Paris]]>
              </value>
            </param>
            <param index="1">
              <value>
                <![CDATA[Rome]]>
              </value>
            </param>
            <param index="2">
              <value>
                <![CDATA[Thank you for your purchase today!]]>
              </value>
            </param>
          </params>
          <reporter-output>
          </reporter-output>
        </test-method> <!-- bookFlight_Success -->
        <test-method is-config="true" signature="tearDown()[pri:0, instance:com.demo.testcases.BookFlight@4d154ccd]" started-at="2021-05-29T02:48:35 IST" name="tearDown" finished-at="2021-05-29T02:48:35 IST" duration-ms="623" status="PASS">
          <reporter-output>
          </reporter-output>
        </test-method> <!-- tearDown -->
      </class> <!-- com.demo.testcases.BookFlight -->
    </test> <!-- Default test -->
  </suite> <!-- Default suite -->
</testng-results>
